<?xml version="1.0" encoding="UTF-8"?>
<testsuite xmlns:xsi="http://www.w3.org/2001/XMLSchema-instance" xsi:noNamespaceSchemaLocation="https://maven.apache.org/surefire/maven-surefire-plugin/xsd/surefire-test-report.xsd" name="org.lesson.java.test.CalculatorTest" time="0.059" tests="5" errors="0" skipped="1" failures="0">
  <properties>
[...]
</properties>
  <testcase name="getDivideTestExc" classname="org.lesson.java.test.CalculatorTest" time="0.016"/>
  <testcase name="getAddTest" classname="org.lesson.java.test.CalculatorTest" time="0.001"/>
  <testcase name="getSubstractTest" classname="org.lesson.java.test.CalculatorTest" time="0"/>
  <testcase name="getDivideTest" classname="org.lesson.java.test.CalculatorTest" time="0">
    <skipped message="Assumption failed: assumption is not true" type="org.opentest4j.TestAbortedException">org.opentest4j.TestAbortedException: Assumption failed: assumption is not true
	at org.lesson.java.test.CalculatorTest.getDivideTest(CalculatorTest.java:45)
</skipped>
  </testcase>
  <testcase name="getMultiplyTest" classname="org.lesson.java.test.CalculatorTest" time="0.001"/>
</testsuite>